<?xml version="1.0" encoding="UTF-8"?>
<!-- Generated by org.testng.reporters.JUnitReportReporter -->
<testsuite skipped="0" hostname="DESKTOP-29VHF8U" name="t1.test" tests="1" failures="0" timestamp="2020-07-24T15:17:48 IST" time="0.016" errors="0">
  <testcase name="pre" time="0.016" classname="t1.test"/>
</testsuite> <!-- t1.test -->
